Info 0    [14:54:02.249] Starting TS Server
Info 1    [14:54:02.251] Version: 4.1.6
Info 2    [14:54:02.251] Arguments: /usr/bin/node /home/julian/Programming/todolist/frontend/node_modules/typescript/lib/tsserver.js --logFile /home/julian/Programming/todolist/.log/tsserver.log --logVerbosity info --cancellationPipeName /tmp/5ace5f3829b10aab44ce9b18abf9912a/tscancellation*
Info 3    [14:54:02.251] Platform: linux NodeVersion: 16 CaseSensitive: true
Info 4    [14:54:02.251] ServerMode: undefined syntaxOnly: false hasUnknownServerMode: undefined
Info 5    [14:54:02.261] Format host information updated
Info 6    [14:54:02.268] Search path: /home/julian/Programming/todolist/frontend/src
Info 7    [14:54:02.269] For info: /home/julian/Programming/todolist/frontend/src/App.tsx :: Config file name: /home/julian/Programming/todolist/frontend/tsconfig.json
Info 8    [14:54:02.269] Opened configuration file /home/julian/Programming/todolist/frontend/tsconfig.json
Info 9    [14:54:02.297] Config: /home/julian/Programming/todolist/frontend/tsconfig.json : {
 "rootNames": [
  "/home/julian/Programming/todolist/frontend/src/App.tsx",
  "/home/julian/Programming/todolist/frontend/src/index.tsx",
  "/home/julian/Programming/todolist/frontend/src/app/hooks.ts",
  "/home/julian/Programming/todolist/frontend/src/app/store.ts",
  "/home/julian/Programming/todolist/frontend/src/features/auth/authApi.ts",
  "/home/julian/Programming/todolist/frontend/src/features/auth/authSlice.ts",
  "/home/julian/Programming/todolist/frontend/src/features/auth/index.ts",
  "/home/julian/Programming/todolist/frontend/src/features/auth/loginForm.tsx",
  "/home/julian/Programming/todolist/frontend/src/features/todos/index.ts",
  "/home/julian/Programming/todolist/frontend/src/features/todos/todoApi.ts",
  "/home/julian/Programming/todolist/frontend/src/features/todos/todoList.tsx",
  "/home/julian/Programming/todolist/frontend/src/pages/HomePage.tsx",
  "/home/julian/Programming/todolist/frontend/src/pages/LoginPage.tsx",
  "/home/julian/Programming/todolist/frontend/src/utils/header.tsx",
  "/home/julian/Programming/todolist/frontend/src/utils/index.ts",
  "/home/julian/Programming/todolist/frontend/src/utils/privateWrapper.tsx"
 ],
 "options": {
  "target": 1,
  "lib": [
   "lib.dom.d.ts",
   "lib.dom.iterable.d.ts",
   "lib.esnext.d.ts"
  ],
  "allowJs": true,
  "skipLibCheck": true,
  "esModuleInterop": true,
  "allowSyntheticDefaultImports": true,
  "strict": true,
  "forceConsistentCasingInFileNames": true,
  "noFallthroughCasesInSwitch": true,
  "module": 99,
  "moduleResolution": 2,
  "resolveJsonModule": true,
  "isolatedModules": true,
  "noEmit": true,
  "jsx": 4,
  "configFilePath": "/home/julian/Programming/todolist/frontend/tsconfig.json"
 }
}
Info 10   [14:54:02.407] Starting updateGraphWorker: Project: /home/julian/Programming/todolist/frontend/tsconfig.json
Info 11   [14:54:05.163] Finishing updateGraphWorker: Project: /home/julian/Programming/todolist/frontend/tsconfig.json Version: 1 structureChanged: true Elapsed: 2756.5294689999428ms
Info 12   [14:54:05.163] Project '/home/julian/Programming/todolist/frontend/tsconfig.json' (Configured)
Info 13   [14:54:05.164] 	Files (252)

Info 14   [14:54:05.164] -----------------------------------------------
Info 15   [14:54:05.177] Starting updateGraphWorker: Project: /dev/null/autoImportProviderProject1*
Info 16   [14:54:05.508] Finishing updateGraphWorker: Project: /dev/null/autoImportProviderProject1* Version: 1 structureChanged: true Elapsed: 330.9527630000375ms
Info 17   [14:54:05.508] Project '/dev/null/autoImportProviderProject1*' (AutoImportProvider)
Info 18   [14:54:05.508] 	Files (51)

Info 19   [14:54:05.508] -----------------------------------------------
Info 20   [14:54:05.520] Before ensureProjectForOpenFiles:
Info 21   [14:54:05.520] After ensureProjectForOpenFiles:
Info 22   [14:54:05.521] got projects updated in background, updating diagnostics for /home/julian/Programming/todolist/frontend/src/App.tsx
Info 23   [15:02:52.604] Starting updateGraphWorker: Project: /home/julian/Programming/todolist/frontend/tsconfig.json
Info 24   [15:02:52.651] Finishing updateGraphWorker: Project: /home/julian/Programming/todolist/frontend/tsconfig.json Version: 2 structureChanged: false Elapsed: 46.71494299964979ms
Info 25   [15:02:52.651] Different program with same set of files:: structureIsReused:: 2
Info 26   [15:02:54.823] Starting updateGraphWorker: Project: /home/julian/Programming/todolist/frontend/tsconfig.json
Info 27   [15:02:54.836] Finishing updateGraphWorker: Project: /home/julian/Programming/todolist/frontend/tsconfig.json Version: 3 structureChanged: false Elapsed: 13.11683200020343ms
Info 28   [15:02:54.836] Different program with same set of files:: structureIsReused:: 2
Info 29   [15:02:56.559] Starting updateGraphWorker: Project: /home/julian/Programming/todolist/frontend/tsconfig.json
Info 30   [15:02:56.569] Finishing updateGraphWorker: Project: /home/julian/Programming/todolist/frontend/tsconfig.json Version: 4 structureChanged: false Elapsed: 10.027061000000685ms
Info 31   [15:02:56.569] Different program with same set of files:: structureIsReused:: 2
Info 32   [15:02:59.859] Format host information updated
Info 33   [15:03:00.107] Starting updateGraphWorker: Project: /home/julian/Programming/todolist/frontend/tsconfig.json
Info 34   [15:03:00.115] Finishing updateGraphWorker: Project: /home/julian/Programming/todolist/frontend/tsconfig.json Version: 5 structureChanged: false Elapsed: 7.905530999880284ms
Info 35   [15:03:00.115] Different program with same set of files:: structureIsReused:: 2
